APnovoiceAA =  c
r
r
r
r
<d d>
<d d>
<d d>
r
<d f a> <d f a>
<d f a> <d f a>
<cis f a> <cis f a>
<cis f a> <cis f a>
<d g bes> <d g bes>
<d g bes> <d g bes>
<ees g bes> <ees g bes>
<ees g bes> <ees g bes>
<c e g> <c e g>
<c e g> <c e g>
<cis e a> <cis e a>
<cis e g> <cis e g>
<d f a> <d f a>
<d f a> <d f a>
<d f a> <d f a>
<d f a> <d f a>
r
r
r
r
<d d>
<d d>
<d d>
r
<d d>
r
<fis a d> <fis a d>
<fis a d> <fis a d>
<fis ais cis> <fis ais cis>
<e ais cis> <e ais cis>
<fis a d> <fis a d>
<fis a d> <fis a d>
<d fis a> <d fis a>
<d fis a> <d fis a>
<fis a d> <fis a d>
<fis a d> <fis a d>
<fis ais cis> <fis ais cis>
<e ais cis> <e ais cis>
<fis a d> <fis a d>
<fis a d> <fis a d>
r <fis a d>
<fis a d>
r <fis a d>
<fis a d>
r
r
r
r
<d d>
<d d>
<d d>
r
<d f a> <d f a>
<d f a> <d f a>
<cis f a> <cis f a>
<cis f a> <cis f a>
<d g bes> <d g bes>
<d g bes> <d g bes>
<ees g bes> <ees g bes>
<ees g bes> <ees g bes>
<c e g> <c e g>
<c e g> <c e g>
<cis e a> <cis e a>
<cis e g> <cis e g>
<d f a> <d f a>
<d f a> <d f a>
<d f a> <d f a>
<d f a> <d f a>
r
r
r
r
<d d>
<d d>
<d d>
r
r
r
r
r
<d d>
<d d>
<d d>
r
AvoiceBA =  c
f( a) f( a) f( a)
f( a) f( a) f( a)
f( a) f( a) f( a)
f( a) f( a) f( a)
f( a) f( a) f( a)
f( a) f( a) f( a)
f( a) f( a) f( a)
f( a) f( a) f( a)
f( a) f( a) f( a)
f( a) f( a) f( a)
f( a) f( a) f( a)
f( a) f( a) f( a)
d( g) d( g) d( g)
d( g) d( g) d( g)
ees( g) ees( g) ees( g)
ees( g) ees( g) ees( g)
e( g) e( g) e( g)
e( g) e( g) e( g)
e( a) e( a) e( a)
e( a) e( a) e( a)
f( a) f( a) f( a)
f( a) f( a) f( a)
f( a) f( a) f( a)
f( a) f( a) f( a)
f( a) f( a) f( a)
f( a) f( a) f( a)
f( a) f( a) f( a)
f( a) f( a) f( a)
f( a) f( a) f( a)
f( a) f( a) f( a)
f( a) f( a) f( a)
f( a) f( a) f( a)
f( a) f( a) f( a)
f( a) f( a) f( a)
fis( a) fis( a) fis( a)
fis( a) fis( a) fis( a)
fis( ais) fis( ais) fis( ais)
fis( ais) fis( ais) fis( ais)
fis( a) fis( a) fis( a)
fis( a) fis( a) fis( a)
fis( a) fis( a) fis( a)
fis( a) fis( a) fis( a)
fis( a) fis( a) fis( a)
fis( a) fis( a) fis( a)
fis( ais) fis( ais) fis( ais)
fis( ais) fis( ais) fis( ais)
fis( a) fis( a) fis( a)
fis( a) fis( a) fis( a)
fis( a) fis( a) fis( a)
fis( a) fis( a) fis( a)
fis( a) fis( a) fis( a)
fis( a) fis( a) fis( a)
f( a) f( a) f( a)
f( a) f( a) f( a)
f( a) f( a) f( a)
f( a) f( a) f( a)
f( a) f( a) f( a)
f( a) f( a) f( a)
f( a) f( a) f( a)
f( a) f( a) f( a)
f( a) f( a) f( a)
f( a) f( a) f( a)
f( a) f( a) f( a)
f( a) f( a) f( a)
d( g) d( g) d( g)
d( g) d( g) d( g)
ees( g) ees( g) ees( g)
ees( g) ees( g) ees( g)
e( g) e( g) e( g)
e( g) e( g) e( g)
e( a) e( a) e( a)
e( a) e( a) e( a)
f( a) f( a) f( a)
f( a) f( a) f( a)
f( a) f( a) f( a)
f( a) f( a) f( a)
f( a) f( a) f( a)
f( a) f( a) f( a)
f( a) f( a) f( a)
f( a) f( a) f( a)
f( a) f( a) f( a)
f( a) f( a) f( a)
f( a) f( a) f( a)
f( a) f( a) f( a)
f( a) f( a) f( a)
f( a) f( a) f( a)
f( a) f( a) f( a)
f( a) f( a) f( a)
f( a) f( a) f( a)
f( a) f( a) f( a)
f( a) f( a) f( a)
f( a) f( a) f( a)
AvoiceBB =  c
d d d
d d d
d d d
d d d
d d d
d d d
d d d
d d d
d d d
d d d
cis cis cis
cis cis cis
bes bes bes
bes bes bes
bes bes bes
bes bes bes
c c c
c c c
a a a
a a a
d d d
d d d
d d d
d d d
d d d
d d d
d d d
d d d
d d d
d d d
d d d
d d d
d d d
d d d
d d d
d d d
cis cis cis
cis cis cis
d d d
d d d
d d d
d d d
d d d
d d d
cis cis cis
cis cis cis
d d d
d d d
d d d
d d d
d d d
d d d
d d d
d d d
d d d
d d d
d d d
d d d
d d d
d d d
d d d
d d d
cis cis cis
cis cis cis
bes bes bes
bes bes bes
bes bes bes
bes bes bes
c c c
c c c
a a a
a a a
d d d
d d d
d d d
d d d
d d d
d d d
d d d
d d d
d d d
d d d
d d d
d d d
d d d
d d d
d d d
d d d
d d d
d d d
d d d
d d d
